C51 COMPILER V9.51   MUSIC                                                                 09/05/2018 15:24:37 PAGE 1   


C51 COMPILER V9.51, COMPILATION OF MODULE MUSIC
OBJECT MODULE PLACED IN music.OBJ
COMPILER INVOKED BY: H:\Keil\C51\BIN\C51.EXE music.c BROWSE DEBUG OBJECTEXTEND TABS(2)

line level    source

   1          #define uint unsigned int
   2          #define uchar unsigned char
   3          
   4          uchar code music[] ={    //音乐代码，歌曲为《同一首歌》，格式为: 音符, 节拍, 音符,
             - 节拍,    
   5            0x15,0x20,0x21,0x10,    //音符的十位代表是低八度，中八度还是低八度，1代表高八度
             -2代表中八度，3代表高八度
   6            0x22,0x10,0x23,0x15,    //个位代表简谱的音符，例如0x15代表低八度的S0，0x21代表中八
             -的DO。
   7            0x24,0x05,0x23,0x10,    //节拍则是代表音长，例如：0x10代表一拍，0x20代表两拍，0x05
             -表1/2拍
   8            0x21,0x10,0x22,0x20,
   9            0x21,0x10,0x16,0x10,
  10            0x21,0x40,0x15,0x20,
  11            0x21,0x10,0x22,0x10,
  12            0x23,0x10,0x23,0x05,
  13            0x24,0x05,0x25,0x10,
  14            0x21,0x10,0x24,0x15,
  15            0x23,0x05,0x25,0x10,
  16            0x22,0x05,0x23,0x05,
  17            0x23,0x05,0x22,0x05,
  18            0x22,0x30,0x23,0x20,
  19            0x25,0x10,0x31,0x10,
  20            0x27,0x15,0x26,0x05,
  21            0x26,0x20,0x25,0x10,
  22            0x25,0x05,0x26,0x05,
  23            0x27,0x10,0x26,0x05,
  24            0x25,0x05,0x23,0x40,
  25            0x24,0x15,0x24,0x05,
  26            0x25,0x10,0x26,0x10,
  27            0x25,0x10,0x24,0x05,
  28            0x23,0x05,0x22,0x20,
  29            0x17,0x10,0x17,0x05,
  30            0x16,0x05,0x15,0x10,
  31            0x16,0x10,0x21,0x40,
  32            0x00,0x00
  33          };
  34          uchar code quzi[] ={    //此数组数据为各个音符在定时器中的重装值，第一列是高位，
             -第二列是低位
  35            0xf8,0x8c,    //低八度，低1
  36            0xf9,0x5b,    
  37            0xfa,0x15,    //低3
  38            0xfa,0x67,
  39            0xfb,0x04,    //低5
  40            0xfb,0x90,
  41            0xfc,0x0c,    //低7  
  42            0xfc,0x44,    //中央C调
  43            0xfc,0xac,    //中2
  44            0xfd,0x09,
  45            0xfd,0x34,    //中4
  46            0xfd,0x82,
  47            0xfd,0xc8,    //中6
  48            0xfe,0x06,
  49            0xfe,0x22,    //高八度，高1  
  50            0xfe,0x56,
C51 COMPILER V9.51   MUSIC                                                                 09/05/2018 15:24:37 PAGE 2   

  51            0xfe,0x6e,    //高3
  52            0xfe,0x9a,
  53            0xfe,0xc1,    //高5
  54            0xfe,0xe4,
  55            0xff,0x03   //高7
  56          };
  57          


MODULE INFORMATION:   STATIC OVERLAYABLE
   CODE SIZE        =   ----    ----
   CONSTANT SIZE    =    152    ----
   XDATA SIZE       =   ----    ----
   PDATA SIZE       =   ----    ----
   DATA SIZE        =   ----    ----
   IDATA SIZE       =   ----    ----
   BIT SIZE         =   ----    ----
END OF MODULE INFORMATION.


C51 COMPILATION COMPLETE.  0 WARNING(S),  0 ERROR(S)
